<?xml version="1.0" encoding="UTF-8"?>
<!-- Generated by org.testng.reporters.JUnitXMLReporter -->
<testsuite ignored="1" hostname="DESKTOP-O949GMR" failures="4" tests="7" name="Car Loan" time="0.147" errors="0" timestamp="2023-08-25T19:54:14 IST">
  <testcase classname="test.Demo1" name="Demo" time="0.0">
    <failure type="org.testng.TestNGException" message="
Parameter &amp;apos;URL&amp;apos; is required by @Test on method Demo but has not been marked @Optional or defined
in S:\Workspace\TestNGTutorial\testngAnnotations.xml">
      <![CDATA[org.testng.TestNGException: 
Parameter 'URL' is required by @Test on method Demo but has not been marked @Optional or defined
in S:\Workspace\TestNGTutorial\testngAnnotations.xml
at java.base/java.util.ArrayList.forEach(ArrayList.java:1511)
... Removed 26 stack frames]]>
    </failure>
  </testcase> <!-- Demo -->
  <testcase classname="test.Demo1" name="demo1" time="0.02">
    <failure type="java.lang.AssertionError" message="expected [true] but found [false]">
      <![CDATA[java.lang.AssertionError: expected [true] but found [false]
at test.Demo1.demo1(Demo1.java:26)
at java.base/java.util.ArrayList.forEach(ArrayList.java:1511)
... Removed 31 stack frames]]>
    </failure>
  </testcase> <!-- demo1 -->
  <testcase classname="test.Demo1" name="parameterdemo" time="0.0">
    <failure type="org.testng.TestNGException" message="
Parameter &amp;apos;URL&amp;apos; is required by @Test on method parameterdemo but has not been marked @Optional or defined
in S:\Workspace\TestNGTutorial\testngAnnotations.xml">
      <![CDATA[org.testng.TestNGException: 
Parameter 'URL' is required by @Test on method parameterdemo but has not been marked @Optional or defined
in S:\Workspace\TestNGTutorial\testngAnnotations.xml
at java.base/java.util.ArrayList.forEach(ArrayList.java:1511)
... Removed 26 stack frames]]>
    </failure>
  </testcase> <!-- parameterdemo -->
  <testcase classname="test.Demo4" name="APICarLoan" time="0.003"/>
  <testcase classname="test.Demo4" name="WebCarLoan" time="0.0">
    <failure type="org.testng.TestNGException" message="
Parameter &amp;apos;URL&amp;apos; is required by @Test on method WebCarLoan but has not been marked @Optional or defined
in S:\Workspace\TestNGTutorial\testngAnnotations.xml">
      <![CDATA[org.testng.TestNGException: 
Parameter 'URL' is required by @Test on method WebCarLoan but has not been marked @Optional or defined
in S:\Workspace\TestNGTutorial\testngAnnotations.xml
at java.base/java.util.ArrayList.forEach(ArrayList.java:1511)
... Removed 26 stack frames]]>
    </failure>
  </testcase> <!-- WebCarLoan -->
  <testcase classname="test.Demo4" name="WebSignInCar" time="0.002"/>
  <testcase classname="test.Demo4" name="WebSignOutHCar" time="0.004"/>
  <testcase classname="test.Demo4" name="MobileCarLoan" time="0.0">
    <ignored/>
  </testcase> <!-- MobileCarLoan -->
</testsuite> <!-- Car Loan -->
