<?xml version="1.0" encoding="UTF-8"?>
<!-- Generated by org.testng.reporters.JUnitXMLReporter -->
<testsuite ignored="1" hostname="DESKTOP-O949GMR" failures="1" tests="3" name="Loans" time="0.092" errors="0" timestamp="2023-08-24T19:44:59 IST">
  <testcase classname="test.Demo3" name="WebhomeLoan" time="0.0">
    <failure type="org.testng.TestNGException" message="
Parameter &amp;apos;URL&amp;apos; is required by @Test on method WebhomeLoan but has not been marked @Optional or defined
in D:\Downloads\Workspace\Workspace\TestNGTutorial\testannotationhelper.xml">
      <![CDATA[org.testng.TestNGException: 
Parameter 'URL' is required by @Test on method WebhomeLoan but has not been marked @Optional or defined
in D:\Downloads\Workspace\Workspace\TestNGTutorial\testannotationhelper.xml
at java.base/java.util.ArrayList.forEach(ArrayList.java:1511)
... Removed 26 stack frames]]>
    </failure>
  </testcase> <!-- WebhomeLoan -->
  <testcase classname="test.Demo3" name="MobilehomeLoan" time="0.006"/>
  <testcase classname="test.Demo3" name="APIhomeLoan" time="0.0">
    <skipped/>
  </testcase> <!-- APIhomeLoan -->
  <testcase classname="test.Demo3" name="WebSignInHome" time="0.0">
    <ignored/>
  </testcase> <!-- WebSignInHome -->
</testsuite> <!-- Loans -->
