<?xml version="1.0" encoding="UTF-8"?>
<!-- Generated by org.testng.reporters.JUnitXMLReporter -->
<testsuite ignored="2" hostname="DESKTOP-O949GMR" failures="2" tests="7" name="Personal Loan" time="0.055" errors="0" timestamp="2023-08-25T19:54:15 IST">
  <testcase classname="test.Demo2" name="dataprovider" time="0.003"/>
  <testcase classname="test.Demo2" name="dataprovider" time="0.002"/>
  <testcase classname="test.Demo2" name="dataprovider" time="0.002"/>
  <testcase classname="test.Demo2" name="testdemo" time="0.002"/>
  <testcase classname="test.Demo2" name="testdemo1" time="0.0">
    <failure type="org.testng.TestNGException" message="
Parameter &amp;apos;URL&amp;apos; is required by @Test on method testdemo1 but has not been marked @Optional or defined
in S:\Workspace\TestNGTutorial\testngAnnotations.xml">
      <![CDATA[org.testng.TestNGException: 
Parameter 'URL' is required by @Test on method testdemo1 but has not been marked @Optional or defined
in S:\Workspace\TestNGTutorial\testngAnnotations.xml
at java.base/java.util.ArrayList.forEach(ArrayList.java:1511)
... Removed 26 stack frames]]>
    </failure>
  </testcase> <!-- testdemo1 -->
  <testcase classname="test.Demo3" name="WebhomeLoan" time="0.0">
    <failure type="org.testng.TestNGException" message="
Parameter &amp;apos;URL&amp;apos; is required by @Test on method WebhomeLoan but has not been marked @Optional or defined
in S:\Workspace\TestNGTutorial\testngAnnotations.xml">
      <![CDATA[org.testng.TestNGException: 
Parameter 'URL' is required by @Test on method WebhomeLoan but has not been marked @Optional or defined
in S:\Workspace\TestNGTutorial\testngAnnotations.xml
at java.base/java.util.ArrayList.forEach(ArrayList.java:1511)
... Removed 26 stack frames]]>
    </failure>
  </testcase> <!-- WebhomeLoan -->
  <testcase classname="test.Demo3" name="APIhomeLoan" time="0.0">
    <skipped/>
  </testcase> <!-- APIhomeLoan -->
  <testcase classname="test.Demo3" name="MobilehomeLoan" time="0.0">
    <ignored/>
  </testcase> <!-- MobilehomeLoan -->
  <testcase classname="test.Demo3" name="WebSignInHome" time="0.0">
    <ignored/>
  </testcase> <!-- WebSignInHome -->
</testsuite> <!-- Personal Loan -->
